TN:
SF:config/config.js
FNF:0
FNH:0
DA:1,1
DA:2,1
DA:3,1
DA:4,1
DA:5,1
DA:6,1
DA:7,1
DA:8,1
DA:9,1
DA:10,1
DA:11,1
DA:12,1
DA:13,1
DA:14,1
DA:15,1
DA:16,1
DA:17,1
DA:18,1
DA:19,1
DA:20,1
DA:21,1
DA:22,1
DA:23,1
DA:24,1
DA:25,1
DA:26,1
DA:27,1
DA:28,1
DA:29,1
LF:29
LH:29
BRDA:16,0,0,0
BRDA:24,1,0,0
BRF:2
BRH:0
end_of_record
TN:
SF:middleware/accessToken.js
FN:5,accessToken
FN:7,errorMessage
FN:10,respond
FNF:3
FNH:3
FNDA:3,accessToken
FNDA:3,errorMessage
FNDA:3,respond
DA:1,1
DA:2,1
DA:3,1
DA:4,1
DA:5,1
DA:6,3
DA:7,3
DA:8,3
DA:9,3
DA:10,3
DA:11,3
DA:12,3
DA:13,3
DA:14,3
DA:15,3
DA:16,3
DA:17,3
DA:18,3
DA:19,3
DA:20,2
DA:21,2
DA:22,3
DA:23,3
DA:24,3
DA:25,1
DA:26,1
DA:27,1
DA:28,0
DA:29,0
DA:30,0
DA:31,0
DA:32,0
DA:33,0
DA:34,0
DA:35,0
DA:36,0
DA:37,3
DA:38,1
LF:38
LH:29
BRDA:5,0,0,3
BRDA:19,1,0,2
BRDA:19,2,0,2
BRDA:7,3,0,3
BRDA:10,4,0,3
BRDA:24,5,0,1
BRDA:28,6,0,0
BRF:7
BRH:6
end_of_record
TN:
SF:models/index.js
FNF:0
FNH:0
DA:1,1
DA:2,1
DA:3,1
DA:4,1
DA:5,1
DA:6,1
DA:7,1
DA:8,1
DA:9,1
DA:10,1
DA:11,1
DA:12,1
DA:13,0
DA:14,1
DA:15,1
DA:16,1
DA:17,1
DA:18,1
DA:19,1
DA:20,1
DA:21,1
DA:22,1
DA:23,1
DA:24,1
DA:25,6
DA:26,6
DA:27,6
DA:28,1
DA:29,5
DA:30,5
DA:31,5
DA:32,1
DA:33,1
DA:34,5
DA:35,5
DA:36,5
DA:37,5
DA:38,1
DA:39,1
DA:40,1
DA:41,1
DA:42,1
LF:42
LH:41
BRDA:7,0,0,0
BRDA:12,1,0,0
BRDA:24,2,0,6
BRDA:26,3,0,5
BRDA:28,4,0,5
BRDA:33,5,0,5
BRF:6
BRH:4
end_of_record
TN:
SF:models/photo.js
FN:3,Object.<anonymous>.module.exports
FN:10,associate
FNF:2
FNH:2
FNDA:1,Object.<anonymous>.module.exports
FNDA:1,associate
DA:1,1
DA:2,1
DA:3,1
DA:4,1
DA:5,1
DA:6,1
DA:7,1
DA:8,1
DA:9,1
DA:10,1
DA:11,1
DA:12,1
DA:13,1
DA:14,1
DA:15,1
DA:16,1
DA:17,1
DA:18,1
DA:19,1
DA:20,1
DA:21,1
DA:22,1
DA:23,1
DA:24,1
DA:25,1
DA:26,1
DA:27,1
DA:28,1
DA:29,1
DA:30,1
DA:31,1
LF:31
LH:31
BRDA:3,0,0,1
BRDA:10,1,0,1
BRF:2
BRH:2
end_of_record
TN:
SF:models/user.js
FN:3,Object.<anonymous>.module.exports
FN:10,associate
FNF:2
FNH:2
FNDA:1,Object.<anonymous>.module.exports
FNDA:1,associate
DA:1,1
DA:2,1
DA:3,1
DA:4,1
DA:5,1
DA:6,1
DA:7,1
DA:8,1
DA:9,1
DA:10,1
DA:11,1
DA:12,1
DA:13,1
DA:14,1
DA:15,1
DA:16,1
DA:17,1
DA:18,1
DA:19,1
DA:20,1
DA:21,1
DA:22,1
DA:23,1
DA:24,1
DA:25,1
DA:26,1
DA:27,1
DA:28,1
DA:29,1
DA:30,1
DA:31,1
LF:31
LH:31
BRDA:3,0,0,1
BRDA:10,1,0,1
BRF:2
BRH:2
end_of_record
TN:
SF:models/user_weather.js
FN:3,Object.<anonymous>.module.exports
FN:10,associate
FNF:2
FNH:2
FNDA:1,Object.<anonymous>.module.exports
FNDA:1,associate
DA:1,1
DA:2,1
DA:3,1
DA:4,1
DA:5,1
DA:6,1
DA:7,1
DA:8,1
DA:9,1
DA:10,1
DA:11,1
DA:12,1
DA:13,1
DA:14,1
DA:15,1
DA:16,1
DA:17,1
DA:18,1
DA:19,1
DA:20,1
DA:21,1
DA:22,1
DA:23,1
DA:24,1
DA:25,1
DA:26,1
DA:27,1
DA:28,1
DA:29,1
DA:30,1
DA:31,1
DA:32,1
DA:33,1
DA:34,1
LF:34
LH:34
BRDA:3,0,0,1
BRDA:10,1,0,1
BRF:2
BRH:2
end_of_record
TN:
SF:models/weather.js
FN:3,Object.<anonymous>.module.exports
FN:10,associate
FNF:2
FNH:2
FNDA:1,Object.<anonymous>.module.exports
FNDA:1,associate
DA:1,1
DA:2,1
DA:3,1
DA:4,1
DA:5,1
DA:6,1
DA:7,1
DA:8,1
DA:9,1
DA:10,1
DA:11,1
DA:12,1
DA:13,1
DA:14,1
DA:15,1
DA:16,1
DA:17,1
DA:18,1
DA:19,1
DA:20,1
DA:21,1
DA:22,1
DA:23,1
DA:24,1
DA:25,1
DA:26,1
DA:27,1
DA:28,1
LF:28
LH:28
BRDA:3,0,0,1
BRDA:10,1,0,1
BRF:2
BRH:2
end_of_record
TN:
SF:models/weather_data.js
FN:3,Object.<anonymous>.module.exports
FN:10,associate
FNF:2
FNH:2
FNDA:1,Object.<anonymous>.module.exports
FNDA:1,associate
DA:1,1
DA:2,1
DA:3,1
DA:4,1
DA:5,1
DA:6,1
DA:7,1
DA:8,1
DA:9,1
DA:10,1
DA:11,1
DA:12,1
DA:13,1
DA:14,1
DA:15,1
DA:16,1
DA:17,1
DA:18,1
DA:19,1
DA:20,1
DA:21,1
DA:22,1
DA:23,1
DA:24,1
DA:25,1
DA:26,1
DA:27,1
DA:28,1
DA:29,1
DA:30,1
DA:31,1
LF:31
LH:31
BRDA:3,0,0,1
BRDA:10,1,0,1
BRF:2
BRH:2
end_of_record
